<?xml version="1.0" encoding="UTF-8"?>
<!-- Generated by org.testng.reporters.JUnitXMLReporter -->
<testsuite ignored="0" hostname="LTIN447908" failures="0" tests="11" name="Default test" time="5.099" errors="0" timestamp="2023-06-22T10:20:34 IST">
  <testcase classname="Test.TestCases" name="@BeforeTest driverSetup" time="-1.687409429551E9">
    <failure type="org.testng.TestNGException" message="
Parameter &amp;apos;browserName&amp;apos; is required by BeforeTest on method driverSetup but has not been marked @Optional or defined
in C:\Users\2269321\AppData\Local\Temp\3\testng-eclipse--1005946201\testng-customsuite.xml">
      <![CDATA[org.testng.TestNGException: 
Parameter 'browserName' is required by BeforeTest on method driverSetup but has not been marked @Optional or defined
in C:\Users\2269321\AppData\Local\Temp\3\testng-eclipse--1005946201\testng-customsuite.xml
at org.testng.internal.Parameters.createParams(Parameters.java:270)
at org.testng.internal.Parameters.createParametersForMethod(Parameters.java:358)
at org.testng.internal.Parameters.createParameters(Parameters.java:700)
at org.testng.internal.Parameters.createConfigurationParameters(Parameters.java:168)
at org.testng.internal.ConfigInvoker.invokeConfigurations(ConfigInvoker.java:302)
at org.testng.TestRunner.invokeTestConfigurations(TestRunner.java:637)
at org.testng.TestRunner.beforeRun(TestRunner.java:627)
at org.testng.TestRunner.run(TestRunner.java:589)
at org.testng.SuiteRunner.runTest(SuiteRunner.java:377)
at org.testng.SuiteRunner.runSequentially(SuiteRunner.java:371)
at org.testng.SuiteRunner.privateRun(SuiteRunner.java:332)
at org.testng.SuiteRunner.run(SuiteRunner.java:276)
at org.testng.SuiteRunnerWorker.runSuite(SuiteRunnerWorker.java:53)
at org.testng.SuiteRunnerWorker.run(SuiteRunnerWorker.java:96)
at org.testng.TestNG.runSuitesSequentially(TestNG.java:1212)
at org.testng.TestNG.runSuitesLocally(TestNG.java:1134)
at org.testng.TestNG.runSuites(TestNG.java:1063)
at org.testng.TestNG.run(TestNG.java:1031)
at org.testng.remote.AbstractRemoteTestNG.run(AbstractRemoteTestNG.java:115)
at org.testng.remote.RemoteTestNG.initAndRun(RemoteTestNG.java:251)
at org.testng.remote.RemoteTestNG.main(RemoteTestNG.java:77)
]]>
    </failure>
  </testcase> <!-- @BeforeTest driverSetup -->
  <testcase classname="Test.TestCases" name="@AfterTest closeBrowser" time="5.017">
    <failure type="java.lang.NullPointerException" message="Cannot invoke &amp;quot;com.aventstack.extentreports.ExtentReports.flush()&amp;quot; because &amp;quot;this.extendreports&amp;quot; is null">
      <![CDATA[java.lang.NullPointerException: Cannot invoke "com.aventstack.extentreports.ExtentReports.flush()" because "this.extendreports" is null
at Test.TestCases.closeBrowser(TestCases.java:160)
at java.base/jdk.internal.reflect.NativeMethodAccessorImpl.invoke0(Native Method)
at java.base/jdk.internal.reflect.NativeMethodAccessorImpl.invoke(NativeMethodAccessorImpl.java:77)
at java.base/jdk.internal.reflect.DelegatingMethodAccessorImpl.invoke(DelegatingMethodAccessorImpl.java:43)
at java.base/java.lang.reflect.Method.invoke(Method.java:568)
at org.testng.internal.MethodInvocationHelper.invokeMethod(MethodInvocationHelper.java:133)
at org.testng.internal.MethodInvocationHelper.invokeMethodConsideringTimeout(MethodInvocationHelper.java:62)
at org.testng.internal.ConfigInvoker.invokeConfigurationMethod(ConfigInvoker.java:385)
at org.testng.internal.ConfigInvoker.invokeConfigurations(ConfigInvoker.java:321)
at org.testng.TestRunner.invokeTestConfigurations(TestRunner.java:637)
at org.testng.TestRunner.afterRun(TestRunner.java:877)
at org.testng.TestRunner.run(TestRunner.java:599)
at org.testng.SuiteRunner.runTest(SuiteRunner.java:377)
at org.testng.SuiteRunner.runSequentially(SuiteRunner.java:371)
at org.testng.SuiteRunner.privateRun(SuiteRunner.java:332)
at org.testng.SuiteRunner.run(SuiteRunner.java:276)
at org.testng.SuiteRunnerWorker.runSuite(SuiteRunnerWorker.java:53)
at org.testng.SuiteRunnerWorker.run(SuiteRunnerWorker.java:96)
at org.testng.TestNG.runSuitesSequentially(TestNG.java:1212)
at org.testng.TestNG.runSuitesLocally(TestNG.java:1134)
at org.testng.TestNG.runSuites(TestNG.java:1063)
at org.testng.TestNG.run(TestNG.java:1031)
at org.testng.remote.AbstractRemoteTestNG.run(AbstractRemoteTestNG.java:115)
at org.testng.remote.RemoteTestNG.initAndRun(RemoteTestNG.java:251)
at org.testng.remote.RemoteTestNG.main(RemoteTestNG.java:77)
]]>
    </failure>
  </testcase> <!-- @AfterTest closeBrowser -->
  <testcase classname="Test.TestCases" name="selectCity" time="0.0">
    <skipped/>
  </testcase> <!-- selectCity -->
  <testcase classname="Test.TestCases" name="cityDropDown" time="0.0">
    <skipped/>
  </testcase> <!-- cityDropDown -->
  <testcase classname="Test.TestCases" name="selectHospital" time="0.0">
    <skipped/>
  </testcase> <!-- selectHospital -->
  <testcase classname="Test.TestCases" name="hospitalDropDown" time="0.0">
    <skipped/>
  </testcase> <!-- hospitalDropDown -->
  <testcase classname="Test.TestCases" name="validation" time="0.0">
    <skipped/>
  </testcase> <!-- validation -->
  <testcase classname="Test.TestCases" name="printTheValidatedDetails" time="0.0">
    <skipped/>
  </testcase> <!-- printTheValidatedDetails -->
  <testcase classname="Test.TestCases" name="clickDiagnosisPage" time="0.0">
    <skipped/>
  </testcase> <!-- clickDiagnosisPage -->
  <testcase classname="Test.TestCases" name="printTheCities" time="0.0">
    <skipped/>
  </testcase> <!-- printTheCities -->
  <testcase classname="Test.TestCases" name="clickTOExitThePage" time="0.0">
    <skipped/>
  </testcase> <!-- clickTOExitThePage -->
  <testcase classname="Test.TestCases" name="wellNess" time="0.0">
    <skipped/>
  </testcase> <!-- wellNess -->
  <testcase classname="Test.TestCases" name="fillDetails" time="0.0">
    <skipped/>
  </testcase> <!-- fillDetails -->
</testsuite> <!-- Default test -->
